  main.cpp
D:\Мои документы\Лабы и рефераты\5 курс 1 семестр\Обработка текстов на естественном языке\ЛР1\Токенизация\main.cpp(174,33): warning C4267: инициализация: преобразование из "size_t" в "int"; возможна потеря данных
D:\Мои документы\Лабы и рефераты\5 курс 1 семестр\Обработка текстов на естественном языке\ЛР1\Токенизация\main.cpp(200,38): warning C4267: =: преобразование из "size_t" в "int"; возможна потеря данных
D:\ProgramData\Microsoft\VisualStudio 2019\VC\Tools\MSVC\14.27.29110\include\utility(192,1): warning C4267: инициализация: преобразование из "size_t" в "_Ty2"; возможна потеря данных
          with
          [
              _Ty2=int
          ]
D:\Мои документы\Лабы и рефераты\5 курс 1 семестр\Обработка текстов на естественном языке\ЛР1\Токенизация\main.cpp(152): message : выполняется компиляция ссылки на экземпляр шаблон функции "std::pair<std::filesystem::path,int>::pair<const std::filesystem::path&,uintmax_t,0>(_Other1,_Other2 &&) noexcept(false)"
          with
          [
              _Other1=const std::filesystem::path &,
              _Other2=uintmax_t
          ]
D:\Мои документы\Лабы и рефераты\5 курс 1 семестр\Обработка текстов на естественном языке\ЛР1\Токенизация\main.cpp(152): message : выполняется компиляция ссылки на экземпляр шаблон функции "std::pair<std::filesystem::path,int>::pair<const std::filesystem::path&,uintmax_t,0>(_Other1,_Other2 &&) noexcept(false)"
          with
          [
              _Other1=const std::filesystem::path &,
              _Other2=uintmax_t
          ]
  Токенизация.vcxproj -> D:\Мои документы\Лабы и рефераты\5 курс 1 семестр\Обработка текстов на естественном языке\ЛР1\Токенизация\x64\Debug\Токенизация.exe
